Unity Editor version:    2020.3.42f1 (7ade1201f527)
Branch:                  2020.3/staging
Build type:              Release
Batch mode:              YES
macOS version:           Version 11.2.1 (Build 20D74)
Darwin version:          20.3.0
Architecture:            x86_64
Running under Rosetta:   NO
Available memory:        16384 MB
Using pre-set license
Pro License: NO

COMMAND LINE ARGUMENTS:
/Applications/2020.3.42f1/Unity.app/Contents/MacOS/Unity
-adb2
-batchMode
-noUpm
-name
AssetImportWorker0
-projectPath
/Users/game12/Flappy bird
-logFile
Logs/AssetImportWorker0.log
-srvPort
52499
Successfully changed project path to: /Users/game12/Flappy bird
/Users/game12/Flappy bird
Using Asset Import Pipeline V2.
Refreshing native plugins compatible for Editor in 36.86 ms, found 3 plugins.
Preloading 0 native plugins for Editor in 0.00 ms.
Initialize engine version: 2020.3.42f1 (7ade1201f527)
[Subsystems] Discovering subsystems at path /Applications/2020.3.42f1/Unity.app/Contents/Resources/UnitySubsystems
[Subsystems] Discovering subsystems at path /Users/game12/Flappy bird/Assets
GfxDevice: creating device client; threaded=0
2025-05-20 09:11:44.226 Unity[6123:39893175] iMac preferred device: AMD Radeon Pro 5500 XT (high power)
2025-05-20 09:11:44.226 Unity[6123:39893175] Metal devices available: 1
2025-05-20 09:11:44.226 Unity[6123:39893175] 0: AMD Radeon Pro 5500 XT (high power)
2025-05-20 09:11:44.226 Unity[6123:39893175] Using device AMD Radeon Pro 5500 XT (high power)
Initializing Metal device caps: AMD Radeon Pro 5500 XT
Initialize mono
Mono path[0] = '/Applications/2020.3.42f1/Unity.app/Contents/Managed'
Mono path[1] = '/Applications/2020.3.42f1/Unity.app/Contents/MonoBleedingEdge/lib/mono/unityjit'
Mono config path = '/Applications/2020.3.42f1/Unity.app/Contents/MonoBleedingEdge/etc'
Using monoOptions --debugger-agent=transport=dt_socket,embedding=1,server=y,suspend=n,address=127.0.0.1:56123
Begin MonoManager ReloadAssembly
Registering precompiled unity dll's ...
Register platform support module: /Applications/2020.3.42f1/Unity.app/Contents/PlaybackEngines/MacStandaloneSupport/UnityEditor.OSXStandalone.Extensions.dll
Registered in 0.000434 seconds.
Native extension for OSXStandalone target not found
Refreshing native plugins compatible for Editor in 34.73 ms, found 3 plugins.
Preloading 0 native plugins for Editor in 0.00 ms.
Mono: successfully reloaded assembly
- Completed reload, in  0.549 seconds
Domain Reload Profiling:
	ReloadAssembly (549ms)
		BeginReloadAssembly (38ms)
			ExecutionOrderSort (0ms)
			DisableScriptedObjects (0ms)
			BackupInstance (0ms)
			ReleaseScriptingObjects (0ms)
			CreateAndSetChildDomain (1ms)
		EndReloadAssembly (432ms)
			LoadAssemblies (38ms)
			RebuildTransferFunctionScriptingTraits (0ms)
			SetupTypeCache (161ms)
			ReleaseScriptCaches (0ms)
			RebuildScriptCaches (33ms)
			SetupLoadedEditorAssemblies (164ms)
				LogAssemblyErrors (0ms)
				InitializePlatformSupportModulesInManaged (4ms)
				SetLoadedEditorAssemblies (0ms)
				RefreshPlugins (35ms)
				BeforeProcessingInitializeOnLoad (7ms)
				ProcessInitializeOnLoadAttributes (93ms)
				ProcessInitializeOnLoadMethodAttributes (26ms)
				AfterProcessingInitializeOnLoad (0ms)
				EditorAssembliesLoaded (0ms)
			ExecutionOrderSort2 (0ms)
			AwakeInstancesAfterBackupRestoration (0ms)
Platform modules already initialized, skipping
Registering precompiled user dll's ...
Registered in 0.001119 seconds.
Begin MonoManager ReloadAssembly
Native extension for OSXStandalone target not found
Refreshing native plugins compatible for Editor in 34.65 ms, found 3 plugins.
Preloading 0 native plugins for Editor in 0.00 ms.
Mono: successfully reloaded assembly
- Completed reload, in  1.035 seconds
Domain Reload Profiling:
	ReloadAssembly (1036ms)
		BeginReloadAssembly (130ms)
			ExecutionOrderSort (0ms)
			DisableScriptedObjects (5ms)
			BackupInstance (0ms)
			ReleaseScriptingObjects (0ms)
			CreateAndSetChildDomain (28ms)
		EndReloadAssembly (850ms)
			LoadAssemblies (68ms)
			RebuildTransferFunctionScriptingTraits (0ms)
			SetupTypeCache (310ms)
			ReleaseScriptCaches (0ms)
			RebuildScriptCaches (51ms)
			SetupLoadedEditorAssemblies (317ms)
				LogAssemblyErrors (0ms)
				InitializePlatformSupportModulesInManaged (3ms)
				SetLoadedEditorAssemblies (0ms)
				RefreshPlugins (35ms)
				BeforeProcessingInitializeOnLoad (51ms)
				ProcessInitializeOnLoadAttributes (204ms)
				ProcessInitializeOnLoadMethodAttributes (24ms)
				AfterProcessingInitializeOnLoad (2ms)
				EditorAssembliesLoaded (0ms)
			ExecutionOrderSort2 (0ms)
			AwakeInstancesAfterBackupRestoration (2ms)
Platform modules already initialized, skipping
Validating Project structure ... 0.000245 seconds.
Shader import version has changed; will reimport all shaders...
Upgrading shader files ...0.000287 seconds.
Application.AssetDatabase Initial Script Refresh Start
RefreshInfo: InitialScriptRefreshV2(NoUpdateAssetOptions) scanfilter:  ... 1 filters
RefreshProfiler: Total: 0.000ms
Application.AssetDatabase Initial Script Refresh End
Application.AssetDatabase.Refresh Start
Application.AssetDatabase.Refresh End
RefreshInfo: StopAssetImportingV2(ForceSynchronousImport) scanfilter: 
RefreshProfiler: Total: 0.000ms
Launching external process: /Applications/2020.3.42f1/Unity.app/Contents/Tools/UnityShaderCompiler
Launched and connected shader compiler UnityShaderCompiler after 0.01 seconds
Initializing Unity extensions:
========================================================================
Worker process is ready to serve import requests
Refreshing native plugins compatible for Editor in 0.59 ms, found 3 plugins.
Preloading 0 native plugins for Editor in 0.00 ms.
Unloading 2188 Unused Serialized files (Serialized files now loaded: 0)
System memory in use before: 212.5 MB.
System memory in use after: 211.8 MB.

Unloading 103 unused Assets to reduce memory usage. Loaded Objects now: 2667.
Total: 2.847389 ms (FindLiveObjects: 0.155891 ms CreateObjectMapping: 0.079896 ms MarkObjects: 2.174325 ms  DeleteObjects: 0.436666 ms)

AssetImportParameters requested are different than current active one (requested -> active):
  custom:video-decoder-ogg-theora: a1e56fd34408186e4bbccfd4996cb3dc -> 
  custom:container-muxer-webm: aa71ff27fc2769a1b78a27578f13a17b -> 
  custom:container-demuxer-webm: 4f35f7cbe854078d1ac9338744f61a02 -> 
  custom:container-demuxer-ogg: 62fdf1f143b41e24485cea50d1cbac27 -> 
  custom:video-encoder-webm-vp8: eb34c28f22e8b96e1ab97ce403110664 -> 
  custom:framework-osx-AVFoundation: e770b220cccbd017edd2c1fefb359320 -> 
  custom:video-decoder-webm-vp8: 9c59270c3fd7afecdb556c50c9e8de78 -> 
  custom:audio-decoder-ogg-vorbis: bf7c407c2cedff20999df2af8eb42d56 -> 
  custom:audio-encoder-webm-vorbis: bf7c407c2cedff20999df2af8eb42d56 -> 
========================================================================
Received Import Request.
  path: Assets/BirdController.cs
  artifactKey: Guid(27c15fc466aed427e891bcad026d4138) Importer(815301076,1909f56bfc062723c751e8b465ee728b)
Start importing Assets/BirdController.cs using Guid(27c15fc466aed427e891bcad026d4138) Importer(815301076,1909f56bfc062723c751e8b465ee728b)  -> (artifact id: '97b5868001bd727511082143d28b1d08') in 0.303534 seconds 
========================================================================
Received Import Request.
  Time since last request: 46.700012 seconds.
  path: Assets/Pipes.prefab
  artifactKey: Guid(c86a52b360b8848dba2ca245db34b9ae) Importer(815301076,1909f56bfc062723c751e8b465ee728b)
Start importing Assets/Pipes.prefab using Guid(c86a52b360b8848dba2ca245db34b9ae) Importer(815301076,1909f56bfc062723c751e8b465ee728b)  -> (artifact id: '2b7fc962088366f276d8b4ee4a3e36d8') in 0.915870 seconds 
========================================================================
Received Import Request.
  Time since last request: 22.156493 seconds.
  path: Assets/Pipes.prefab
  artifactKey: Guid(c86a52b360b8848dba2ca245db34b9ae) Importer(815301076,1909f56bfc062723c751e8b465ee728b)
Start importing Assets/Pipes.prefab using Guid(c86a52b360b8848dba2ca245db34b9ae) Importer(815301076,1909f56bfc062723c751e8b465ee728b)  -> (artifact id: 'dd34d7e82b8c6015a0989042a04d240f') in 0.008780 seconds 
========================================================================
Received Import Request.
  Time since last request: 13.976759 seconds.
  path: Assets/Pipes.prefab
  artifactKey: Guid(c86a52b360b8848dba2ca245db34b9ae) Importer(815301076,1909f56bfc062723c751e8b465ee728b)
Start importing Assets/Pipes.prefab using Guid(c86a52b360b8848dba2ca245db34b9ae) Importer(815301076,1909f56bfc062723c751e8b465ee728b)  -> (artifact id: '04d5e0f0d0c32d17dd9e17d8bb15300e') in 0.014320 seconds 
========================================================================
Received Import Request.
  Time since last request: 10.510745 seconds.
  path: Assets/Pipes.prefab
  artifactKey: Guid(c86a52b360b8848dba2ca245db34b9ae) Importer(815301076,1909f56bfc062723c751e8b465ee728b)
Start importing Assets/Pipes.prefab using Guid(c86a52b360b8848dba2ca245db34b9ae) Importer(815301076,1909f56bfc062723c751e8b465ee728b)  -> (artifact id: 'c68fc2fc3e8ab0c5c94d7600a314aea2') in 0.006257 seconds 
========================================================================
Received Import Request.
  Time since last request: 3.008050 seconds.
  path: Assets/Pipes.prefab
  artifactKey: Guid(c86a52b360b8848dba2ca245db34b9ae) Importer(815301076,1909f56bfc062723c751e8b465ee728b)
Start importing Assets/Pipes.prefab using Guid(c86a52b360b8848dba2ca245db34b9ae) Importer(815301076,1909f56bfc062723c751e8b465ee728b)  -> (artifact id: 'bcc619d1985aebd55945d06706e3c960') in 0.007738 seconds 
========================================================================
Received Import Request.
  Time since last request: 3.420056 seconds.
  path: Assets/Pipes.prefab
  artifactKey: Guid(c86a52b360b8848dba2ca245db34b9ae) Importer(815301076,1909f56bfc062723c751e8b465ee728b)
Start importing Assets/Pipes.prefab using Guid(c86a52b360b8848dba2ca245db34b9ae) Importer(815301076,1909f56bfc062723c751e8b465ee728b)  -> (artifact id: '0eefe04a3f817feda25ce70d60cbb011') in 0.007013 seconds 
========================================================================
Received Import Request.
  Time since last request: 3.022358 seconds.
  path: Assets/Pipes.prefab
  artifactKey: Guid(c86a52b360b8848dba2ca245db34b9ae) Importer(815301076,1909f56bfc062723c751e8b465ee728b)
Start importing Assets/Pipes.prefab using Guid(c86a52b360b8848dba2ca245db34b9ae) Importer(815301076,1909f56bfc062723c751e8b465ee728b)  -> (artifact id: 'ac21d0e8dabe26b5b9765bb9d7cd5822') in 0.007391 seconds 
========================================================================
Received Import Request.
  Time since last request: 7.094027 seconds.
  path: Assets/Pipes.prefab
  artifactKey: Guid(c86a52b360b8848dba2ca245db34b9ae) Importer(815301076,1909f56bfc062723c751e8b465ee728b)
Start importing Assets/Pipes.prefab using Guid(c86a52b360b8848dba2ca245db34b9ae) Importer(815301076,1909f56bfc062723c751e8b465ee728b)  -> (artifact id: 'fb2cc4fcec59ee202b9cac4ad6c0711f') in 0.006768 seconds 
========================================================================
Received Import Request.
  Time since last request: 2.010964 seconds.
  path: Assets/Pipes.prefab
  artifactKey: Guid(c86a52b360b8848dba2ca245db34b9ae) Importer(815301076,1909f56bfc062723c751e8b465ee728b)
Start importing Assets/Pipes.prefab using Guid(c86a52b360b8848dba2ca245db34b9ae) Importer(815301076,1909f56bfc062723c751e8b465ee728b)  -> (artifact id: '0e7212078ecac681985ed3b2dea8d5db') in 0.007910 seconds 
========================================================================
Received Import Request.
  Time since last request: 1.808895 seconds.
  path: Assets/Pipes.prefab
  artifactKey: Guid(c86a52b360b8848dba2ca245db34b9ae) Importer(815301076,1909f56bfc062723c751e8b465ee728b)
Start importing Assets/Pipes.prefab using Guid(c86a52b360b8848dba2ca245db34b9ae) Importer(815301076,1909f56bfc062723c751e8b465ee728b)  -> (artifact id: '6388af6ee75a7d37f6891623cdca5330') in 0.006655 seconds 
========================================================================
Received Import Request.
  Time since last request: 1.805634 seconds.
  path: Assets/Pipes.prefab
  artifactKey: Guid(c86a52b360b8848dba2ca245db34b9ae) Importer(815301076,1909f56bfc062723c751e8b465ee728b)
Start importing Assets/Pipes.prefab using Guid(c86a52b360b8848dba2ca245db34b9ae) Importer(815301076,1909f56bfc062723c751e8b465ee728b)  -> (artifact id: 'd906952df3f3a3cfd8605cdc68922c58') in 0.007160 seconds 
========================================================================
Received Import Request.
  Time since last request: 3.233094 seconds.
  path: Assets/Pipes.prefab
  artifactKey: Guid(c86a52b360b8848dba2ca245db34b9ae) Importer(815301076,1909f56bfc062723c751e8b465ee728b)
Start importing Assets/Pipes.prefab using Guid(c86a52b360b8848dba2ca245db34b9ae) Importer(815301076,1909f56bfc062723c751e8b465ee728b)  -> (artifact id: '0ad3942b2b0bde068002606668dd5b13') in 0.006974 seconds 
========================================================================
Received Import Request.
  Time since last request: 3.030225 seconds.
  path: Assets/Pipes.prefab
  artifactKey: Guid(c86a52b360b8848dba2ca245db34b9ae) Importer(815301076,1909f56bfc062723c751e8b465ee728b)
Start importing Assets/Pipes.prefab using Guid(c86a52b360b8848dba2ca245db34b9ae) Importer(815301076,1909f56bfc062723c751e8b465ee728b)  -> (artifact id: 'e5c5cbd442e283d42d1fd1c223aa1477') in 0.006915 seconds 
========================================================================
Received Import Request.
  Time since last request: 6.873115 seconds.
  path: Assets/Pipes.prefab
  artifactKey: Guid(c86a52b360b8848dba2ca245db34b9ae) Importer(815301076,1909f56bfc062723c751e8b465ee728b)
Start importing Assets/Pipes.prefab using Guid(c86a52b360b8848dba2ca245db34b9ae) Importer(815301076,1909f56bfc062723c751e8b465ee728b)  -> (artifact id: 'fbd35d5845b8ff2e498f8cb8bcb5bb34') in 0.007375 seconds 
========================================================================
Received Import Request.
  Time since last request: 38.977699 seconds.
  path: Assets/Pipes.prefab
  artifactKey: Guid(c86a52b360b8848dba2ca245db34b9ae) Importer(815301076,1909f56bfc062723c751e8b465ee728b)
Start importing Assets/Pipes.prefab using Guid(c86a52b360b8848dba2ca245db34b9ae) Importer(815301076,1909f56bfc062723c751e8b465ee728b)  -> (artifact id: 'd0bc5e77166729c39a1c40f001174f5b') in 0.008072 seconds 
========================================================================
Received Import Request.
  Time since last request: 18.208809 seconds.
  path: ProjectSettings/TagManager.asset
  artifactKey: Guid(00000000000000003000000000000000) Importer(815301076,1909f56bfc062723c751e8b465ee728b)
Start importing ProjectSettings/TagManager.asset using Guid(00000000000000003000000000000000) Importer(815301076,1909f56bfc062723c751e8b465ee728b)  -> (artifact id: '95df672b4aaba54310d34c83eef51bb8') in 0.243186 seconds 
========================================================================
Received Import Request.
  Time since last request: 28.936784 seconds.
  path: Assets/Pipes.prefab
  artifactKey: Guid(c86a52b360b8848dba2ca245db34b9ae) Importer(815301076,1909f56bfc062723c751e8b465ee728b)
Start importing Assets/Pipes.prefab using Guid(c86a52b360b8848dba2ca245db34b9ae) Importer(815301076,1909f56bfc062723c751e8b465ee728b)  -> (artifact id: 'e202f096d7c27bc88cec683fcb1ad281') in 0.008418 seconds 
========================================================================
Received Prepare
Registering precompiled user dll's ...
Registered in 0.001144 seconds.
Begin MonoManager ReloadAssembly
Native extension for OSXStandalone target not found
Refreshing native plugins compatible for Editor in 0.39 ms, found 3 plugins.
Preloading 0 native plugins for Editor in 0.00 ms.
Mono: successfully reloaded assembly
- Completed reload, in  0.980 seconds
Domain Reload Profiling:
	ReloadAssembly (981ms)
		BeginReloadAssembly (109ms)
			ExecutionOrderSort (0ms)
			DisableScriptedObjects (6ms)
			BackupInstance (0ms)
			ReleaseScriptingObjects (0ms)
			CreateAndSetChildDomain (55ms)
		EndReloadAssembly (815ms)
			LoadAssemblies (63ms)
			RebuildTransferFunctionScriptingTraits (0ms)
			SetupTypeCache (321ms)
			ReleaseScriptCaches (1ms)
			RebuildScriptCaches (47ms)
			SetupLoadedEditorAssemblies (285ms)
				LogAssemblyErrors (0ms)
				InitializePlatformSupportModulesInManaged (4ms)
				SetLoadedEditorAssemblies (0ms)
				RefreshPlugins (0ms)
				BeforeProcessingInitializeOnLoad (85ms)
				ProcessInitializeOnLoadAttributes (179ms)
				ProcessInitializeOnLoadMethodAttributes (14ms)
				AfterProcessingInitializeOnLoad (1ms)
				EditorAssembliesLoaded (0ms)
			ExecutionOrderSort2 (0ms)
			AwakeInstancesAfterBackupRestoration (4ms)
Platform modules already initialized, skipping
Refreshing native plugins compatible for Editor in 0.34 ms, found 3 plugins.
Preloading 0 native plugins for Editor in 0.00 ms.
Unloading 2176 Unused Serialized files (Serialized files now loaded: 0)
System memory in use before: 225.3 MB.
System memory in use after: 225.4 MB.

Unloading 16 unused Assets to reduce memory usage. Loaded Objects now: 2678.
Total: 2.229571 ms (FindLiveObjects: 0.131341 ms CreateObjectMapping: 0.065987 ms MarkObjects: 2.017010 ms  DeleteObjects: 0.014717 ms)

AssetImportParameters requested are different than current active one (requested -> active):
  custom:video-decoder-ogg-theora: a1e56fd34408186e4bbccfd4996cb3dc -> 
  custom:container-muxer-webm: aa71ff27fc2769a1b78a27578f13a17b -> 
  custom:container-demuxer-webm: 4f35f7cbe854078d1ac9338744f61a02 -> 
  custom:container-demuxer-ogg: 62fdf1f143b41e24485cea50d1cbac27 -> 
  custom:video-encoder-webm-vp8: eb34c28f22e8b96e1ab97ce403110664 -> 
  custom:framework-osx-AVFoundation: e770b220cccbd017edd2c1fefb359320 -> 
  custom:video-decoder-webm-vp8: 9c59270c3fd7afecdb556c50c9e8de78 -> 
  custom:audio-decoder-ogg-vorbis: bf7c407c2cedff20999df2af8eb42d56 -> 
  custom:audio-encoder-webm-vorbis: bf7c407c2cedff20999df2af8eb42d56 -> 
========================================================================
Received Prepare
Registering precompiled user dll's ...
Registered in 0.001136 seconds.
Begin MonoManager ReloadAssembly
Native extension for OSXStandalone target not found
Refreshing native plugins compatible for Editor in 0.39 ms, found 3 plugins.
Preloading 0 native plugins for Editor in 0.00 ms.
Mono: successfully reloaded assembly
- Completed reload, in  0.959 seconds
Domain Reload Profiling:
	ReloadAssembly (960ms)
		BeginReloadAssembly (105ms)
			ExecutionOrderSort (0ms)
			DisableScriptedObjects (6ms)
			BackupInstance (0ms)
			ReleaseScriptingObjects (0ms)
			CreateAndSetChildDomain (53ms)
		EndReloadAssembly (798ms)
			LoadAssemblies (63ms)
			RebuildTransferFunctionScriptingTraits (0ms)
			SetupTypeCache (298ms)
			ReleaseScriptCaches (1ms)
			RebuildScriptCaches (47ms)
			SetupLoadedEditorAssemblies (289ms)
				LogAssemblyErrors (0ms)
				InitializePlatformSupportModulesInManaged (4ms)
				SetLoadedEditorAssemblies (0ms)
				RefreshPlugins (0ms)
				BeforeProcessingInitializeOnLoad (87ms)
				ProcessInitializeOnLoadAttributes (183ms)
				ProcessInitializeOnLoadMethodAttributes (14ms)
				AfterProcessingInitializeOnLoad (1ms)
				EditorAssembliesLoaded (0ms)
			ExecutionOrderSort2 (0ms)
			AwakeInstancesAfterBackupRestoration (4ms)
Platform modules already initialized, skipping
Refreshing native plugins compatible for Editor in 0.35 ms, found 3 plugins.
Preloading 0 native plugins for Editor in 0.00 ms.
Unloading 2176 Unused Serialized files (Serialized files now loaded: 0)
System memory in use before: 225.5 MB.
System memory in use after: 225.6 MB.

Unloading 14 unused Assets to reduce memory usage. Loaded Objects now: 2681.
Total: 2.242381 ms (FindLiveObjects: 0.132897 ms CreateObjectMapping: 0.066266 ms MarkObjects: 2.027899 ms  DeleteObjects: 0.014667 ms)

AssetImportParameters requested are different than current active one (requested -> active):
  custom:video-decoder-ogg-theora: a1e56fd34408186e4bbccfd4996cb3dc -> 
  custom:container-muxer-webm: aa71ff27fc2769a1b78a27578f13a17b -> 
  custom:container-demuxer-webm: 4f35f7cbe854078d1ac9338744f61a02 -> 
  custom:container-demuxer-ogg: 62fdf1f143b41e24485cea50d1cbac27 -> 
  custom:video-encoder-webm-vp8: eb34c28f22e8b96e1ab97ce403110664 -> 
  custom:framework-osx-AVFoundation: e770b220cccbd017edd2c1fefb359320 -> 
  custom:video-decoder-webm-vp8: 9c59270c3fd7afecdb556c50c9e8de78 -> 
  custom:audio-decoder-ogg-vorbis: bf7c407c2cedff20999df2af8eb42d56 -> 
  custom:audio-encoder-webm-vorbis: bf7c407c2cedff20999df2af8eb42d56 -> 
========================================================================
Received Import Request.
  Time since last request: 438.936182 seconds.
  path: Assets/BirdController.cs
  artifactKey: Guid(27c15fc466aed427e891bcad026d4138) Importer(815301076,1909f56bfc062723c751e8b465ee728b)
Start importing Assets/BirdController.cs using Guid(27c15fc466aed427e891bcad026d4138) Importer(815301076,1909f56bfc062723c751e8b465ee728b)  -> (artifact id: '72254624ae57a50f09bd86356b3e0a42') in 0.003916 seconds 
